Wed Jun 14 13:45:54 CEST 2017 : Server di rete Apache Derby: 10.11.1.2 - (1629631) avviato e pronto ad accettare connessioni sulla porta 1527
----------------------------------------------------------------
Wed Jun 14 14:05:20 CEST 2017:
Avvio della versione di Derby The Apache Software Foundation - Apache Derby - 10.11.1.2 - (1629631): istanza a816c00e-015c-a66c-9a1c-0000132fe571
sulla directory di database /home/francesco/NetBeansProjects/AMM/web/WEB-INF/db/ammdb con caricatore classi sun.misc.Launcher$AppClassLoader@6f94fa3e 
Caricato da file:/opt/java/jdk1.8.0_121/db/lib/derby.jar
java.vendor=Oracle Corporation
java.runtime.version=1.8.0_121-b13
user.dir=/opt/java/jdk1.8.0_121/db
os.name=Linux
os.arch=amd64
os.version=4.4.0-79-generic
derby.system.home=/home/francesco/NetBeansProjects/AMM/web/WEB-INF/db
Programma di caricamento classe database avviato - derby.database.classpath=''
----------------------------------------------------------------
Wed Jun 14 14:07:40 CEST 2017:
Arresto dell'istanza a816c00e-015c-a66c-9a1c-0000132fe571 nella directory del database /home/francesco/NetBeansProjects/AMM/web/WEB-INF/db/ammdb con il caricatore di classi sun.misc.Launcher$AppClassLoader@6f94fa3e 
Wed Jun 14 14:07:40 CEST 2017 Thread[DRDAConnThread_3,5,main] (DATABASE = ammdb), (DRDAID = {2}), Chiusura del database 'ammdb'.
----------------------------------------------------------------
Wed Jun 14 14:07:54 CEST 2017:
Avvio della versione di Derby The Apache Software Foundation - Apache Derby - 10.11.1.2 - (1629631): istanza a65c80ac-015c-a66c-9a1c-0000132fe571
sulla directory di database /home/francesco/NetBeansProjects/AMM/web/WEB-INF/db/ammdb con caricatore classi sun.misc.Launcher$AppClassLoader@6f94fa3e 
Caricato da file:/opt/java/jdk1.8.0_121/db/lib/derby.jar
java.vendor=Oracle Corporation
java.runtime.version=1.8.0_121-b13
user.dir=/opt/java/jdk1.8.0_121/db
os.name=Linux
os.arch=amd64
os.version=4.4.0-79-generic
derby.system.home=/home/francesco/NetBeansProjects/AMM/web/WEB-INF/db
Programma di caricamento classe database avviato - derby.database.classpath=''
